<?xml version="1.0" encoding="UTF-8"?>
<!-- Generated by org.testng.reporters.JUnitReportReporter -->
<testsuite skipped="0" hostname="LAPTOP-LK2THQQR" name="com.qa.TestYelpPages.TestSecondPage" tests="1" failures="0" timestamp="11 Oct 2018 06:29:55 GMT" time="11.506" errors="0">
  <testcase name="testFindRestaurantsPizza_1" time="11.506" classname="com.qa.TestYelpPages.TestSecondPage"/>
</testsuite> <!-- com.qa.TestYelpPages.TestSecondPage -->
