<?xml version="1.0" encoding="UTF-8"?>
<!-- Generated by org.testng.reporters.JUnitReportReporter -->
<testsuite skipped="0" hostname="LAPTOP-LK2THQQR" name="com.qa.yelp.pages.TestHomePage" tests="1" failures="0" timestamp="11 Oct 2018 19:41:55 GMT" time="13.135" errors="0">
  <testcase name="testReportStars" time="13.135" classname="com.qa.yelp.pages.TestHomePage"/>
</testsuite> <!-- com.qa.yelp.pages.TestHomePage -->
