<?xml version="1.0" encoding="UTF-8"?>
<!-- Generated by org.testng.reporters.JUnitReportReporter -->
<testsuite skipped="0" hostname="LAPTOP-LK2THQQR" name="com.qa.yelp.util.FileUtilTest" tests="1" failures="0" timestamp="11 Oct 2018 17:25:14 GMT" time="0.463" errors="0">
  <testcase name="testWriteData" time="0.463" classname="com.qa.yelp.util.FileUtilTest"/>
</testsuite> <!-- com.qa.yelp.util.FileUtilTest -->
