<?xml version="1.0" encoding="UTF-8"?>
<!-- Generated by org.testng.reporters.JUnitReportReporter -->
<testsuite skipped="1" hostname="LAPTOP-LK2THQQR" name="com.qa.TestYelpPages.TestHomePage" tests="2" failures="0" timestamp="11 Oct 2018 00:11:51 GMT" time="6.885" errors="0">
  <testcase name="testFind_1" time="6.885" classname="com.qa.TestYelpPages.TestHomePage"/>
  <testcase name="testFind_2" classname="com.qa.TestYelpPages.TestHomePage">
    <skipped/>
  </testcase> <!-- testFind_2 -->
</testsuite> <!-- com.qa.TestYelpPages.TestHomePage -->
